# 
# vlog *.sv
# Questa Intel Starter FPGA Edition-64 vlog 2024.3 Compiler 2024.09 Sep 10 2024
# Start time: 14:45:33 on Mar 16,2026
# vlog top_verichip4.sv verichip4.sv 
# -- Compiling module top_verichip4
# -- Compiling module verichip4
# 
# Top level modules:
# 	top_verichip4
# End time: 14:45:33 on Mar 16,2026, Elapsed time: 0:00:00
# Errors: 0, Warnings: 0
# 
# vsim -voptargs=+acc work.top_verichip4 
# vsim -voptargs="+acc" work.top_verichip4 
# Start time: 14:45:34 on Mar 16,2026
# ** Note: (vsim-8009) Loading existing optimized design _opt1
# //  Questa Intel Starter FPGA Edition-64
# //  Version 2024.3 win64 Sep 10 2024
# //
# // Unpublished work. Copyright 2024 Siemens
# //
# // This material contains trade secrets or otherwise confidential information
# // owned by Siemens Industry Software Inc. or its affiliates (collectively,
# // "SISW"), or its licensors. Access to and use of this information is strictly
# // limited as set forth in the Customer's applicable agreements with SISW.
# //
# // This material may not be copied, distributed, or otherwise disclosed outside
# // of the Customer's facilities without the express written permission of SISW,
# // and may not be used in any way not expressly authorized by SISW.
# //
# Loading sv_std.std
# Loading work.top_verichip4(fast)
# Loading work.verichip4(fast)
# 
# run 1000us
# nick notes: out_reg 0000
# nick notes: my_wr_val ffff
# nick notes: beef
# calling finish
# ** Note: $finish    : top_verichip4.sv(301)
#    Time: 5 ns  Iteration: 1  Instance: /top_verichip4
# End time: 14:45:35 on Mar 16,2026, Elapsed time: 0:00:01
# Errors: 0, Warnings: 0
