#  vlog *.sv
# Questa Intel Starter FPGA Edition-64 vlog 2024.3 Compiler 2024.09 Sep 10 2024
# Start time: 20:32:34 on Mar 04,2026
# vlog top_verichip.sv verichip.sv 
# -- Compiling module top_verichip
# ** Warning: ** while parsing macro expansion: 'CHECK_RW' starting at top_verichip.sv(199)
# ** at top_verichip.sv(199): (vlog-13528) Extra Parentheses after time system function.
# ** Warning: ** while parsing macro expansion: 'CHECK_RW' starting at top_verichip.sv(212)
# ** at top_verichip.sv(212): (vlog-13528) Extra Parentheses after time system function.
# ** Warning: ** while parsing macro expansion: 'CHIP_ERROR' starting at top_verichip.sv(222)
# ** at top_verichip.sv(222): (vlog-13528) Extra Parentheses after time system function.
# ** Warning: ** while parsing macro expansion: 'CHECK_RW' starting at top_verichip.sv(226)
# ** at top_verichip.sv(226): (vlog-13528) Extra Parentheses after time system function.
# ** Warning: ** while parsing macro expansion: 'CHECK_RW' starting at top_verichip.sv(238)
# ** at top_verichip.sv(238): (vlog-13528) Extra Parentheses after time system function.
# -- Compiling module verichip
# 
# Top level modules:
# 	top_verichip
# End time: 20:32:35 on Mar 04,2026, Elapsed time: 0:00:01
# Errors: 0, Warnings: 5
#  vsim -voptargs=+acc work.top_verichip 
# vsim -voptargs="+acc" work.top_verichip 
# Start time: 20:32:35 on Mar 04,2026
# ** Note: (vsim-3812) Design is being optimized...
# ** Warning: (vopt-10908) Some optimizations are turned off because the +acc switch is in effect.
# ** Warning: top_verichip.sv(199): (vopt-13528) Extra Parentheses after time system function.
# ** Warning: top_verichip.sv(212): (vopt-13528) Extra Parentheses after time system function.
# ** Warning: top_verichip.sv(222): (vopt-13528) Extra Parentheses after time system function.
# ** Warning: top_verichip.sv(226): (vopt-13528) Extra Parentheses after time system function.
# ** Warning: top_verichip.sv(238): (vopt-13528) Extra Parentheses after time system function.
# ** Note: (vopt-143) Recognized 1 FSM in module "verichip(fast)".
# ** Note: (vsim-12126) Error and warning message counts have been restored: Errors=0, Warnings=6.
# //  Questa Intel Starter FPGA Edition-64
# //  Version 2024.3 win64 Sep 10 2024
# //
# // Unpublished work. Copyright 2024 Siemens
# //
# // This material contains trade secrets or otherwise confidential information
# // owned by Siemens Industry Software Inc. or its affiliates (collectively,
# // "SISW"), or its licensors. Access to and use of this information is strictly
# // limited as set forth in the Customer's applicable agreements with SISW.
# //
# // This material may not be copied, distributed, or otherwise disclosed outside
# // of the Customer's facilities without the express written permission of SISW,
# // and may not be used in any way not expressly authorized by SISW.
# //
# Loading sv_std.std
# Loading work.top_verichip(fast)
# Loading work.verichip(fast)
#  run 100us
# macro args: ffff, 0000
# data out is 0000
# 0000, 0000
# macro args: aaaa, 0000
# data out is 0000
# 0000, 0000
# macro args: 5555, 0000
# data out is 0000
# 0000, 0000
# macro args: 0000, 0000
# data out is 0000
# 0000, 0000
# macro args: ffff, 00ff
# data out is 00ff
# 00ff, 00ff
# macro args: aaaa, 00aa
# data out is 00aa
# 00aa, 00aa
# macro args: 5555, 0055
# data out is 0055
# 0055, 0055
# macro args: 0000, 0000
# data out is 0000
# 0000, 0000
# macro args: ffff, ff00
# data out is ff00
# ff00, ff00
# macro args: aaaa, aa00
# data out is aa00
# aa00, aa00
# macro args: 5555, 5500
# data out is 5500
# 5500, 5500
# macro args: 0000, 0000
# data out is 0000
# 0000, 0000
# macro args: ffff, ffff
# data out is ffff
# ffff, ffff
# macro args: aaaa, aaaa
# data out is aaaa
# aaaa, aaaa
# macro args: 5555, 5555
# data out is 5555
# 5555, 5555
# macro args: 0000, 0000
# data out is 0000
# 0000, 0000
# 
#  
#  
#  NORMAL
# state: 0
# macro args: ffff, 0000
# data out is 0000
# 0000, 0000
# macro args: aaaa, 0000
# data out is 0000
# 0000, 0000
# macro args: 5555, 0000
# data out is 0000
# 0000, 0000
# macro args: 0000, 0000
# data out is 0000
# 0000, 0000
# macro args: ffff, 00ff
# data out is 00ff
# 00ff, 00ff
# macro args: aaaa, 00aa
# data out is 00aa
# 00aa, 00aa
# macro args: 5555, 0055
# data out is 0055
# 0055, 0055
# macro args: 0000, 0000
# data out is 0000
# 0000, 0000
# macro args: ffff, ff00
# data out is ff00
# ff00, ff00
# macro args: aaaa, aa00
# data out is aa00
# aa00, aa00
# macro args: 5555, 5500
# data out is 5500
# 5500, 5500
# macro args: 0000, 0000
# data out is 0000
# 0000, 0000
# macro args: ffff, ffff
# data out is ffff
# ffff, ffff
# macro args: aaaa, aaaa
# data out is aaaa
# aaaa, aaaa
# macro args: 5555, 5555
# data out is 5555
# 5555, 5555
# macro args: 0000, 0000
# data out is 0000
# 0000, 0000
# 
#  
#  
#  ERROR
# state: 1
# data out is 1234
# 1234, 1234
# macro args: ffff, 0000
# data out is 1234
# 1234, 1234
# macro args: aaaa, 0000
# data out is 1234
# 1234, 1234
# macro args: 5555, 0000
# data out is 1234
# 1234, 1234
# macro args: 0000, 0000
# data out is 1234
# 1234, 1234
# macro args: ffff, 00ff
# data out is 1234
# 1234, 1234
# macro args: aaaa, 00aa
# data out is 1234
# 1234, 1234
# macro args: 5555, 0055
# data out is 1234
# 1234, 1234
# macro args: 0000, 0000
# data out is 1234
# 1234, 1234
# macro args: ffff, ff00
# data out is 1234
# 1234, 1234
# macro args: aaaa, aa00
# data out is 1234
# 1234, 1234
# macro args: 5555, 5500
# data out is 1234
# 1234, 1234
# macro args: 0000, 0000
# data out is 1234
# 1234, 1234
# macro args: ffff, ffff
# data out is 1234
# 1234, 1234
# macro args: aaaa, aaaa
# data out is 1234
# 1234, 1234
# macro args: 5555, 5555
# data out is 1234
# 1234, 1234
# macro args: 0000, 0000
# data out is 1234
# 1234, 1234
# 
#  
#  
#  EXP VIO
# state: 2
# state: 2
# state: 0
# state: 1
# verichip.cmd : 0
# verichip.cmd_reg : 0000
# ED: 1
# verichip.cmd : 8
# verichip.cmd_reg : 8008
# state: 8
# macro args: ffff, 0000
# data out is 0000
# 0000, 0000
# macro args: aaaa, 0000
# data out is 0000
# 0000, 0000
# macro args: 5555, 0000
# data out is 0000
# 0000, 0000
# macro args: 0000, 0000
# data out is 0000
# 0000, 0000
# macro args: ffff, 00ff
# data out is 0000
# 0000, 0000
# macro args: aaaa, 00aa
# data out is 0000
# 0000, 0000
# macro args: 5555, 0055
# data out is 0000
# 0000, 0000
# macro args: 0000, 0000
# data out is 0000
# 0000, 0000
# macro args: ffff, ff00
# data out is 0000
# 0000, 0000
# macro args: aaaa, aa00
# data out is 0000
# 0000, 0000
# macro args: 5555, 5500
# data out is 0000
# 0000, 0000
# macro args: 0000, 0000
# data out is 0000
# 0000, 0000
# macro args: ffff, ffff
# data out is 0000
# 0000, 0000
# macro args: aaaa, aaaa
# data out is 0000
# 0000, 0000
# macro args: 5555, 5555
# data out is 0000
# 0000, 0000
# macro args: 0000, 0000
# data out is 0000
# 0000, 0000
# ** Note: $finish    : top_verichip.sv(242)
#    Time: 2075 ns  Iteration: 1  Instance: /top_verichip
# End time: 20:32:38 on Mar 04,2026, Elapsed time: 0:00:03
# Errors: 0, Warnings: 6
